<?xml version="1.0" encoding="UTF-8"?>
<testsuite xmlns:xsi="http://www.w3.org/2001/XMLSchema-instance" xsi:noNamespaceSchemaLocation="https://maven.apache.org/surefire/maven-surefire-plugin/xsd/surefire-test-report-3.0.xsd" version="3.0" name="com.agenda.AppTest" time="0.046" tests="1" errors="0" skipped="0" failures="0">
  <properties>
    <property name="java.specification.version" value="23"/>
    <property name="sun.cpu.isalist" value="amd64"/>
    <property name="sun.jnu.encoding" value="GBK"/>
    <property name="java.class.path" value="D:\homework\CompilerTheoryAssignment\Lab\2\target\test-classes;D:\homework\CompilerTheoryAssignment\Lab\2\target\classes;C:\Users\xy\.m2\repository\junit\junit\4.13.2\junit-4.13.2.jar;C:\Users\xy\.m2\repository\org\hamcrest\hamcrest-core\1.3\hamcrest-core-1.3.jar;"/>
    <property name="java.vm.vendor" value="Oracle Corporation"/>
    <property name="sun.arch.data.model" value="64"/>
    <property name="user.variant" value=""/>
    <property name="java.vendor.url" value="https://java.oracle.com/"/>
    <property name="user.timezone" value="Asia/Shanghai"/>
    <property name="os.name" value="Windows 11"/>
    <property name="java.vm.specification.version" value="23"/>
    <property name="sun.java.launcher" value="SUN_STANDARD"/>
    <property name="user.country" value="CN"/>
    <property name="sun.boot.library.path" value="C:\Env\java\jdk-23\bin"/>
    <property name="sun.java.command" value="C:\Users\xy\AppData\Local\Temp\surefire2664849278591501541\surefirebooter-20250320165954035_3.jar C:\Users\xy\AppData\Local\Temp\surefire2664849278591501541 2025-03-20T16-59-53_931-jvmRun1 surefire-20250320165954035_1tmp surefire_0-20250320165954035_2tmp"/>
    <property name="jdk.debug" value="release"/>
    <property name="surefire.test.class.path" value="D:\homework\CompilerTheoryAssignment\Lab\2\target\test-classes;D:\homework\CompilerTheoryAssignment\Lab\2\target\classes;C:\Users\xy\.m2\repository\junit\junit\4.13.2\junit-4.13.2.jar;C:\Users\xy\.m2\repository\org\hamcrest\hamcrest-core\1.3\hamcrest-core-1.3.jar;"/>
    <property name="sun.cpu.endian" value="little"/>
    <property name="user.home" value="C:\Users\xy"/>
    <property name="user.language" value="zh"/>
    <property name="java.specification.vendor" value="Oracle Corporation"/>
    <property name="java.version.date" value="2025-01-21"/>
    <property name="java.home" value="C:\Env\java\jdk-23"/>
    <property name="file.separator" value="\"/>
    <property name="basedir" value="D:\homework\CompilerTheoryAssignment\Lab\2"/>
    <property name="java.vm.compressedOopsMode" value="Zero based"/>
    <property name="line.separator" value="&#10;"/>
    <property name="java.vm.specification.vendor" value="Oracle Corporation"/>
    <property name="java.specification.name" value="Java Platform API Specification"/>
    <property name="surefire.real.class.path" value="C:\Users\xy\AppData\Local\Temp\surefire2664849278591501541\surefirebooter-20250320165954035_3.jar"/>
    <property name="user.script" value=""/>
    <property name="sun.management.compiler" value="HotSpot 64-Bit Tiered Compilers"/>
    <property name="java.runtime.version" value="23.0.2+7-58"/>
    <property name="user.name" value="xy"/>
    <property name="stdout.encoding" value="GBK"/>
    <property name="path.separator" value=";"/>
    <property name="os.version" value="10.0"/>
    <property name="java.runtime.name" value="Java(TM) SE Runtime Environment"/>
    <property name="file.encoding" value="UTF-8"/>
    <property name="java.vm.name" value="Java HotSpot(TM) 64-Bit Server VM"/>
    <property name="localRepository" value="C:\Users\xy\.m2\repository"/>
    <property name="java.vendor.url.bug" value="https://bugreport.java.com/bugreport/"/>
    <property name="java.io.tmpdir" value="C:\Users\xy\AppData\Local\Temp\"/>
    <property name="java.version" value="23.0.2"/>
    <property name="user.dir" value="D:\homework\CompilerTheoryAssignment\Lab\2"/>
    <property name="os.arch" value="amd64"/>
    <property name="java.vm.specification.name" value="Java Virtual Machine Specification"/>
    <property name="sun.os.patch.level" value=""/>
    <property name="native.encoding" value="GBK"/>
    <property name="java.library.path" value="C:\Env\java\jdk-23\bin;C:\Windows\Sun\Java\bin;C:\Windows\system32;C:\Windows;C:\Env\miniconda3;C:\Env\miniconda3\Library\mingw-w64\bin;C:\Env\miniconda3\Library\usr\bin;C:\Env\miniconda3\Library\bin;C:\Env\miniconda3\Scripts;C:\Env\miniconda3\bin;C:\Program Files\PowerShell\7;C:\Program Files\Common Files\Oracle\Java\javapath;C:\Program Files\NVIDIA GPU Computing Toolkit\CUDA\v12.6\bin;C:\Program Files\NVIDIA GPU Computing Toolkit\CUDA\v12.6\libnvvp;C:\Windows\system32;C:\Windows;C:\Windows\System32\Wbem;C:\Windows\System32\WindowsPowerShell\v1.0;C:\Windows\System32\OpenSSH;C:\Program Files (x86)\Windows Kits\10\Windows Performance Toolkit;C:\Program Files\Microsoft VS Code\bin;C:\Program Files\NVIDIA Corporation\NVIDIA app\NvDLISR;C:\Program Files (x86)\NVIDIA Corporation\PhysX\Common;C:\Program Files\NVIDIA Corporation\Nsight Compute 2024.3.2;C:\Program Files\PowerShell\7;C:\Program Files\Git\cmd;c:\Users\xy\AppData\Local\Programs\cursor\resources\app\bin;C:\Program Files\dotnet;%NVM_HOME%;%NVM_SYMLINK%;C:\Program Files\Docker\Docker\resources\bin;C:\Program Files (x86)\AOMEI\AOMEI Backupper\6.10.1;c:\Program IDE\Trae CN\bin;C:\Env\miniconda3;C:\Env\miniconda3\bin;C:\Env\miniconda3\Library\mingw-w64\bin;C:\Env\miniconda3\Library\usr\bin;C:\Env\miniconda3\Library\bin;C:\Env\miniconda3\Scripts;C:\Users\xy\AppData\Local\Microsoft\WindowsApps;C:\Env\miniforge3\condabin;C:\Env\miniforge3\Library\bin&#10;;C:\Env\java\apache-maven-3.9.9\bin;C:\Env\java\jdk-23\bin;C:\Users\xy\.cache\lm-studio\bin;C:\Users\xy\AppData\Local\Programs\cursor\resources\app\bin;C:\Env\nodejs\nvm;C:\Env\nodejs\nvm4w\nodejs;C:\Env\ffmpeg\bin;."/>
    <property name="java.vm.info" value="mixed mode, sharing"/>
    <property name="stderr.encoding" value="GBK"/>
    <property name="java.vendor" value="Oracle Corporation"/>
    <property name="java.vm.version" value="23.0.2+7-58"/>
    <property name="sun.io.unicode.encoding" value="UnicodeLittle"/>
    <property name="java.class.version" value="67.0"/>
  </properties>
  <testcase name="testApp" classname="com.agenda.AppTest" time="0.003"/>
</testsuite>